09/05/2024 19:03:14.314 [[32minfo[39m]: host name read successfully
09/05/2024 19:03:15.154 [[32minfo[39m]: host name read successfully
09/05/2024 19:03:15.383 [[32minfo[39m]: host name read successfully
09/05/2024 19:03:15.573 [[32minfo[39m]: host name read successfully
09/05/2024 19:03:15.743 [[32minfo[39m]: host name read successfully
09/05/2024 19:03:15.935 [[32minfo[39m]: host name read successfully
09/05/2024 19:03:16.124 [[32minfo[39m]: host name read successfully
09/05/2024 19:03:16.361 [[32minfo[39m]: host name read successfully
09/05/2024 19:04:00.815 [[32minfo[39m]: host name read successfully
09/05/2024 19:04:01.528 [[32minfo[39m]: host name read successfully
09/05/2024 19:05:47.922 [[32minfo[39m]: host name read successfully
09/05/2024 19:05:48.965 [[32minfo[39m]: host name read successfully
09/05/2024 19:05:49.805 [[32minfo[39m]: host name read successfully
09/05/2024 19:05:50.663 [[32minfo[39m]: host name read successfully
09/05/2024 19:06:29.401 [[32minfo[39m]: host name read successfully
09/05/2024 19:06:30.419 [[32minfo[39m]: host name read successfully
09/05/2024 19:06:31.727 [[32minfo[39m]: host name read successfully
09/05/2024 19:06:34.976 [[32minfo[39m]: host name read successfully
09/05/2024 19:06:36.285 [[32minfo[39m]: host name read successfully
09/05/2024 19:06:52.991 [[32minfo[39m]: successfully found clients
09/05/2024 19:06:52.993 [[31merror[39m]: path: src/controllers/client/findByIdClientesController.js message: Do not know how to serialize a BigInt
09/05/2024 19:06:53.531 [[32minfo[39m]: successfully found clients
09/05/2024 19:06:53.531 [[31merror[39m]: path: src/controllers/client/findByIdClientesController.js message: Do not know how to serialize a BigInt
09/05/2024 19:06:53.818 [[32minfo[39m]: successfully found clients
09/05/2024 19:06:53.818 [[31merror[39m]: path: src/controllers/client/findByIdClientesController.js message: Do not know how to serialize a BigInt
09/05/2024 19:06:54.064 [[32minfo[39m]: successfully found clients
09/05/2024 19:06:54.064 [[31merror[39m]: path: src/controllers/client/findByIdClientesController.js message: Do not know how to serialize a BigInt
09/05/2024 19:06:54.291 [[32minfo[39m]: successfully found clients
09/05/2024 19:06:54.291 [[31merror[39m]: path: src/controllers/client/findByIdClientesController.js message: Do not know how to serialize a BigInt
09/05/2024 19:06:54.545 [[32minfo[39m]: successfully found clients
09/05/2024 19:06:54.546 [[31merror[39m]: path: src/controllers/client/findByIdClientesController.js message: Do not know how to serialize a BigInt
09/05/2024 19:06:55.748 [[32minfo[39m]: successfully found clients
09/05/2024 19:06:55.749 [[31merror[39m]: path: src/controllers/client/findByIdClientesController.js message: Do not know how to serialize a BigInt
09/05/2024 19:06:56.083 [[32minfo[39m]: successfully found clients
09/05/2024 19:06:56.083 [[31merror[39m]: path: src/controllers/client/findByIdClientesController.js message: Do not know how to serialize a BigInt
09/05/2024 19:06:56.318 [[32minfo[39m]: successfully found clients
09/05/2024 19:06:56.319 [[31merror[39m]: path: src/controllers/client/findByIdClientesController.js message: Do not know how to serialize a BigInt
09/05/2024 19:06:56.553 [[32minfo[39m]: successfully found clients
09/05/2024 19:06:56.554 [[31merror[39m]: path: src/controllers/client/findByIdClientesController.js message: Do not know how to serialize a BigInt
09/05/2024 19:06:56.761 [[32minfo[39m]: successfully found clients
09/05/2024 19:06:56.761 [[31merror[39m]: path: src/controllers/client/findByIdClientesController.js message: Do not know how to serialize a BigInt
09/05/2024 19:06:56.970 [[32minfo[39m]: successfully found clients
09/05/2024 19:06:56.971 [[31merror[39m]: path: src/controllers/client/findByIdClientesController.js message: Do not know how to serialize a BigInt
09/05/2024 19:06:57.151 [[32minfo[39m]: successfully found clients
09/05/2024 19:06:57.153 [[31merror[39m]: path: src/controllers/client/findByIdClientesController.js message: Do not know how to serialize a BigInt
09/05/2024 19:06:57.335 [[32minfo[39m]: successfully found clients
09/05/2024 19:06:57.335 [[31merror[39m]: path: src/controllers/client/findByIdClientesController.js message: Do not know how to serialize a BigInt
09/05/2024 19:06:58.700 [[32minfo[39m]: successfully found clients
09/05/2024 19:06:58.701 [[31merror[39m]: path: src/controllers/client/findByIdClientesController.js message: Do not know how to serialize a BigInt
09/05/2024 19:07:53.418 [[32minfo[39m]: successfully found clients
09/05/2024 19:07:53.421 [[31merror[39m]: path: src/controllers/client/findByIdClientesController.js message: Do not know how to serialize a BigInt
09/05/2024 19:11:07.832 [[32minfo[39m]: successfully found clients
09/05/2024 19:11:07.834 [[31merror[39m]: path: src/controllers/client/findByIdClientesController.js message: Do not know how to serialize a BigInt
09/05/2024 19:11:08.619 [[32minfo[39m]: successfully found clients
09/05/2024 19:11:08.619 [[31merror[39m]: path: src/controllers/client/findByIdClientesController.js message: Do not know how to serialize a BigInt
09/05/2024 19:11:09.322 [[32minfo[39m]: successfully found clients
09/05/2024 19:11:09.323 [[31merror[39m]: path: src/controllers/client/findByIdClientesController.js message: Do not know how to serialize a BigInt
09/05/2024 19:11:09.871 [[32minfo[39m]: successfully found clients
09/05/2024 19:11:09.871 [[31merror[39m]: path: src/controllers/client/findByIdClientesController.js message: Do not know how to serialize a BigInt
09/05/2024 19:11:10.699 [[32minfo[39m]: successfully found clients
09/05/2024 19:11:10.700 [[31merror[39m]: path: src/controllers/client/findByIdClientesController.js message: Do not know how to serialize a BigInt
09/05/2024 19:11:13.689 [[32minfo[39m]: successfully found clients
09/05/2024 19:11:14.675 [[32minfo[39m]: successfully found clients
09/05/2024 19:11:15.899 [[32minfo[39m]: successfully found clients
09/05/2024 19:11:16.522 [[32minfo[39m]: successfully found clients
09/05/2024 19:11:16.876 [[32minfo[39m]: successfully found clients
09/05/2024 19:11:17.167 [[32minfo[39m]: successfully found clients
09/05/2024 19:11:17.413 [[32minfo[39m]: successfully found clients
09/05/2024 19:12:22.985 [[32minfo[39m]: successfully found clients
27/05/2024 12:39:02.239 [[32minfo[39m]: successfully found clients
28/05/2024 14:39:15.056 [[32minfo[39m]: successfully found clients
28/05/2024 14:39:29.916 [[32minfo[39m]: successfully found clients
28/05/2024 14:42:01.880 [[32minfo[39m]: successfully found clients
28/05/2024 14:43:11.550 [[32minfo[39m]: successfully found clients
28/05/2024 14:43:30.349 [[32minfo[39m]: successfully found clients
28/05/2024 14:46:25.951 [[32minfo[39m]: successfully found clients
28/05/2024 14:46:52.235 [[32minfo[39m]: successfully found clients
28/05/2024 14:46:59.164 [[32minfo[39m]: successfully found clients
28/05/2024 14:50:27.693 [[32minfo[39m]: successfully found clients
28/05/2024 14:50:42.423 [[32minfo[39m]: successfully found clients
28/05/2024 15:01:51.036 [[32minfo[39m]: successfully found clients
28/05/2024 15:02:03.891 [[32minfo[39m]: successfully found clients
28/05/2024 15:02:45.532 [[32minfo[39m]: successfully found clients
28/05/2024 15:02:58.879 [[32minfo[39m]: successfully found clients
28/05/2024 15:03:57.304 [[32minfo[39m]: successfully found clients
28/05/2024 15:04:15.568 [[32minfo[39m]: successfully found clients
28/05/2024 15:04:19.275 [[32minfo[39m]: successfully found clients
28/05/2024 15:12:13.271 [[32minfo[39m]: successfully found clients
28/05/2024 15:12:37.446 [[32minfo[39m]: successfully found clients
28/05/2024 15:13:07.888 [[32minfo[39m]: successfully found clients
28/05/2024 15:17:30.341 [[32minfo[39m]: successfully found clients
28/05/2024 15:18:11.328 [[32minfo[39m]: successfully found clients
28/05/2024 15:18:59.683 [[32minfo[39m]: successfully found clients
29/05/2024 00:12:18.678 [[31merror[39m]: path: src/models/findManyClientes.js message: 
Invalid `prisma.clientes.findMany()` invocation in
C:\Users\Gabriel\Projetos-dev\TesteTecnico_CactusSoft\generic-backend\src\models\findManyClientes.js:21:46

  18   ],
  19 };
  20 
→ 21 const clientes = await prisma.clientes.findMany({
       where: {
         AND: [
           {},
           {
             statusCliente: {
               contains: "true",
               mode: "insensitive"
             }
           }
         ]
       },
       take: 15,
       skip: 0
     })

Unknown argument `contains`. Available options are marked with ?.
29/05/2024 13:22:15.205 [[32minfo[39m]: successfully found clients
29/05/2024 13:22:37.701 [[32minfo[39m]: successfully found clients
29/05/2024 13:22:57.771 [[32minfo[39m]: successfully found clients
29/05/2024 13:23:24.516 [[32minfo[39m]: successfully found clients
29/05/2024 13:23:34.969 [[32minfo[39m]: successfully found clients
29/05/2024 13:24:33.847 [[32minfo[39m]: successfully found clients
29/05/2024 13:25:22.966 [[32minfo[39m]: successfully found clients
29/05/2024 13:26:08.941 [[32minfo[39m]: successfully found clients
29/05/2024 13:27:12.558 [[32minfo[39m]: successfully found clients
29/05/2024 13:27:35.762 [[32minfo[39m]: successfully found clients
29/05/2024 13:27:47.224 [[32minfo[39m]: successfully found clients
29/05/2024 13:28:06.921 [[32minfo[39m]: successfully found clients
29/05/2024 13:28:17.316 [[32minfo[39m]: successfully found clients
29/05/2024 15:27:40.538 [[32minfo[39m]: successfully found clients
29/05/2024 15:27:40.801 [[32minfo[39m]: successfully found clients
29/05/2024 15:27:40.910 [[32minfo[39m]: successfully found clients
29/05/2024 15:27:48.924 [[32minfo[39m]: successfully found clients
29/05/2024 15:27:48.927 [[32minfo[39m]: successfully found clients
29/05/2024 15:27:52.376 [[32minfo[39m]: successfully found clients
29/05/2024 15:27:52.378 [[32minfo[39m]: successfully found clients
29/05/2024 15:28:41.653 [[32minfo[39m]: successfully found clients
29/05/2024 15:28:41.738 [[32minfo[39m]: successfully found clients
29/05/2024 15:28:45.351 [[32minfo[39m]: successfully found clients
29/05/2024 15:28:45.353 [[32minfo[39m]: successfully found clients
29/05/2024 15:41:10.290 [[32minfo[39m]: successfully found clients
29/05/2024 15:41:10.299 [[32minfo[39m]: successfully found clients
29/05/2024 16:48:51.971 [[32minfo[39m]: successfully found clients
29/05/2024 16:48:52.056 [[32minfo[39m]: successfully found clients
29/05/2024 16:48:56.341 [[32minfo[39m]: successfully found clients
29/05/2024 16:48:56.343 [[32minfo[39m]: successfully found clients
29/05/2024 16:50:11.496 [[32minfo[39m]: successfully found clients
29/05/2024 16:50:11.573 [[32minfo[39m]: successfully found clients
29/05/2024 16:50:15.803 [[32minfo[39m]: successfully found clients
29/05/2024 16:50:15.807 [[32minfo[39m]: successfully found clients
29/05/2024 16:57:44.368 [[32minfo[39m]: successfully found clients
29/05/2024 16:57:44.443 [[32minfo[39m]: successfully found clients
29/05/2024 16:57:48.133 [[32minfo[39m]: successfully found clients
29/05/2024 16:57:48.135 [[32minfo[39m]: successfully found clients
29/05/2024 16:58:09.069 [[32minfo[39m]: successfully found clients
29/05/2024 16:58:09.130 [[32minfo[39m]: successfully found clients
29/05/2024 16:58:44.421 [[32minfo[39m]: successfully found clients
29/05/2024 16:58:44.490 [[32minfo[39m]: successfully found clients
29/05/2024 17:01:19.463 [[32minfo[39m]: successfully found clients
29/05/2024 17:01:19.538 [[32minfo[39m]: successfully found clients
29/05/2024 17:11:17.619 [[32minfo[39m]: successfully found clients
29/05/2024 17:11:44.098 [[32minfo[39m]: successfully found clients
29/05/2024 17:11:44.100 [[32minfo[39m]: successfully found clients
29/05/2024 17:11:59.947 [[32minfo[39m]: successfully found clients
29/05/2024 17:12:00.012 [[32minfo[39m]: successfully found clients
29/05/2024 17:14:54.464 [[32minfo[39m]: successfully found clients
29/05/2024 17:15:21.301 [[32minfo[39m]: successfully found clients
29/05/2024 17:15:24.430 [[32minfo[39m]: successfully found clients
29/05/2024 17:15:24.433 [[32minfo[39m]: successfully found clients
29/05/2024 17:15:26.085 [[32minfo[39m]: successfully found clients
29/05/2024 17:15:26.086 [[32minfo[39m]: successfully found clients
29/05/2024 17:15:34.909 [[32minfo[39m]: successfully found clients
29/05/2024 17:15:34.971 [[32minfo[39m]: successfully found clients
29/05/2024 17:15:44.848 [[32minfo[39m]: successfully found clients
29/05/2024 17:45:25.587 [[32minfo[39m]: successfully found clients
29/05/2024 17:45:25.679 [[32minfo[39m]: successfully found clients
